<?xml version="1.0" encoding="UTF-8"?>
<!-- Generated by org.testng.reporters.JUnitReportReporter -->
<testsuite hostname="HALE-QA5L" name="com.Sample.NewTest" tests="2" failures="0" timestamp="14 Dec 2016 05:49:11 GMT" time="0.009" errors="0">
  <testcase name="TestSampleTest1" time="0.002" classname="com.Sample.NewTest"/>
  <testcase name="TestSampleTest" time="0.007" classname="com.Sample.NewTest"/>
</testsuite> <!-- com.Sample.NewTest -->
