<?xml version="1.0" encoding="UTF-8"?>
<!-- Generated by org.testng.reporters.JUnitReportReporter -->
<testsuite hostname="HALE-QA5L" name="com.Sample.AppTest" tests="9" failures="0" timestamp="14 Dec 2016 05:49:11 GMT" time="0.009" errors="0">
  <testcase name="LogIn_Test" time="0.001" classname="com.Sample.AppTest"/>
  <testcase name="LogIn_Test" time="0.001" classname="com.Sample.AppTest"/>
  <testcase name="TestPass" time="0.001" classname="com.Sample.AppTest"/>
  <testcase name="LogIn_Test" time="0.001" classname="com.Sample.AppTest"/>
  <testcase name="LogIn_Test" time="0.001" classname="com.Sample.AppTest"/>
  <testcase name="LogIn_Test" time="0.001" classname="com.Sample.AppTest"/>
  <testcase name="LogIn_Test" time="0.001" classname="com.Sample.AppTest"/>
  <testcase name="LogIn_Test" time="0.001" classname="com.Sample.AppTest"/>
  <testcase name="LogIn_Test" time="0.001" classname="com.Sample.AppTest"/>
</testsuite> <!-- com.Sample.AppTest -->
